TN:
SF:src\App.jsx
FN:17,(anonymous_0)
FNF:1
FNH:0
FNDA:0,(anonymous_0)
DA:17,0
DA:18,0
LF:2
LH:0
BRF:0
BRH:0
end_of_record
TN:
SF:src\main.jsx
FNF:0
FNH:0
DA:8,0
LF:1
LH:0
BRF:0
BRH:0
end_of_record
TN:
SF:src\components\common\accordion\accordion.jsx
FN:5,(anonymous_0)
FN:8,(anonymous_1)
FN:42,(anonymous_2)
FN:45,(anonymous_3)
FNF:4
FNH:4
FNDA:10,(anonymous_0)
FNDA:4,(anonymous_1)
FNDA:3,(anonymous_2)
FNDA:6,(anonymous_3)
DA:5,1
DA:6,10
DA:8,10
DA:9,4
DA:12,10
DA:42,1
DA:43,3
DA:46,6
DA:57,1
DA:63,1
LF:10
LH:10
BRDA:14,0,0,3
BRDA:14,0,1,7
BRDA:21,1,0,3
BRDA:21,1,1,7
BRDA:33,2,0,10
BRDA:33,2,1,3
BRF:6
BRH:6
end_of_record
TN:
SF:src\components\common\accordion\accordoin.test.jsx
FN:5,(anonymous_0)
FN:11,(anonymous_1)
FN:22,(anonymous_2)
FN:41,(anonymous_3)
FNF:4
FNH:4
FNDA:1,(anonymous_0)
FNDA:1,(anonymous_1)
FNDA:1,(anonymous_2)
FNDA:1,(anonymous_3)
DA:5,1
DA:6,1
DA:11,1
DA:12,1
DA:15,1
DA:16,1
DA:18,1
DA:19,1
DA:22,1
DA:23,1
DA:26,1
DA:27,1
DA:30,1
DA:33,1
DA:34,1
DA:37,1
DA:38,1
DA:41,1
DA:42,1
DA:45,1
DA:46,1
DA:49,1
DA:50,1
DA:53,1
LF:24
LH:24
BRF:0
BRH:0
end_of_record
TN:
SF:src\components\common\footer\footer.jsx
FN:8,(anonymous_0)
FNF:1
FNH:1
FNDA:2,(anonymous_0)
DA:8,1
DA:9,2
LF:2
LH:2
BRF:0
BRH:0
end_of_record
TN:
SF:src\components\common\footer\footer.test.jsx
FN:5,(anonymous_0)
FN:6,(anonymous_1)
FN:34,(anonymous_2)
FNF:3
FNH:3
FNDA:1,(anonymous_0)
FNDA:1,(anonymous_1)
FNDA:1,(anonymous_2)
DA:5,1
DA:6,1
DA:7,1
DA:10,1
DA:13,1
DA:18,1
DA:19,1
DA:20,1
DA:21,1
DA:23,1
DA:24,1
DA:25,1
DA:26,1
DA:29,1
DA:30,1
DA:31,1
DA:34,1
DA:35,1
DA:38,1
DA:42,1
DA:46,1
DA:50,1
DA:56,1
DA:57,1
DA:58,1
LF:25
LH:25
BRF:0
BRH:0
end_of_record
TN:
SF:src\components\common\header\header.jsx
FN:13,(anonymous_0)
FN:23,(anonymous_1)
FN:35,(anonymous_2)
FN:38,(anonymous_3)
FN:41,(anonymous_4)
FN:46,(anonymous_5)
FN:47,(anonymous_6)
FN:54,(anonymous_7)
FN:57,(anonymous_8)
FN:58,(anonymous_9)
FN:63,(anonymous_10)
FN:72,(anonymous_11)
FN:74,(anonymous_12)
FN:83,(anonymous_13)
FN:90,(anonymous_14)
FN:91,(anonymous_15)
FN:93,(anonymous_16)
FN:118,(anonymous_17)
FN:125,(anonymous_18)
FN:158,(anonymous_19)
FN:161,(anonymous_20)
FNF:21
FNH:0
FNDA:0,(anonymous_0)
FNDA:0,(anonymous_1)
FNDA:0,(anonymous_2)
FNDA:0,(anonymous_3)
FNDA:0,(anonymous_4)
FNDA:0,(anonymous_5)
FNDA:0,(anonymous_6)
FNDA:0,(anonymous_7)
FNDA:0,(anonymous_8)
FNDA:0,(anonymous_9)
FNDA:0,(anonymous_10)
FNDA:0,(anonymous_11)
FNDA:0,(anonymous_12)
FNDA:0,(anonymous_13)
FNDA:0,(anonymous_14)
FNDA:0,(anonymous_15)
FNDA:0,(anonymous_16)
FNDA:0,(anonymous_17)
FNDA:0,(anonymous_18)
FNDA:0,(anonymous_19)
FNDA:0,(anonymous_20)
DA:13,0
DA:14,0
DA:15,0
DA:16,0
DA:17,0
DA:18,0
DA:19,0
DA:20,0
DA:21,0
DA:22,0
DA:23,0
DA:24,0
DA:25,0
DA:26,0
DA:27,0
DA:28,0
DA:30,0
DA:31,0
DA:35,0
DA:36,0
DA:37,0
DA:38,0
DA:41,0
DA:42,0
DA:46,0
DA:47,0
DA:48,0
DA:49,0
DA:53,0
DA:54,0
DA:57,0
DA:58,0
DA:59,0
DA:60,0
DA:61,0
DA:62,0
DA:63,0
DA:64,0
DA:66,0
DA:69,0
DA:72,0
DA:73,0
DA:74,0
DA:75,0
DA:77,0
DA:79,0
DA:83,0
DA:84,0
DA:90,0
DA:91,0
DA:93,0
DA:94,0
DA:97,0
DA:118,0
DA:126,0
DA:158,0
DA:161,0
LF:57
LH:0
BRDA:26,0,0,0
BRDA:26,0,1,0
BRDA:26,1,0,0
BRDA:26,1,1,0
BRDA:48,2,0,0
BRDA:48,2,1,0
BRDA:48,3,0,0
BRDA:48,3,1,0
BRDA:73,4,0,0
BRDA:73,4,1,0
BRDA:73,5,0,0
BRDA:73,5,1,0
BRDA:149,6,0,0
BRDA:149,6,1,0
BRDA:160,7,0,0
BRDA:160,7,1,0
BRDA:173,8,0,0
BRDA:173,8,1,0
BRF:18
BRH:0
end_of_record
TN:
SF:src\components\common\notification\notificationCard.jsx
FN:4,(anonymous_0)
FNF:1
FNH:0
FNDA:0,(anonymous_0)
DA:4,1
DA:5,0
DA:11,0
LF:3
LH:1
BRDA:19,0,0,0
BRDA:19,0,1,0
BRDA:24,1,0,0
BRDA:24,1,1,0
BRDA:26,2,0,0
BRDA:26,2,1,0
BRF:6
BRH:0
end_of_record
TN:
SF:src\components\common\pagination\pagination.jsx
FN:5,(anonymous_0)
FN:6,(anonymous_1)
FN:16,(anonymous_2)
FN:33,(anonymous_3)
FN:40,(anonymous_4)
FN:50,(anonymous_5)
FNF:6
FNH:6
FNDA:6,(anonymous_0)
FNDA:5,(anonymous_1)
FNDA:2,(anonymous_2)
FNDA:30,(anonymous_3)
FNDA:1,(anonymous_4)
FNDA:2,(anonymous_5)
DA:5,2
DA:6,6
DA:7,5
DA:8,3
DA:12,6
DA:16,2
DA:34,30
DA:41,1
DA:42,1
DA:50,2
DA:71,2
LF:11
LH:11
BRDA:7,0,0,3
BRDA:7,0,1,2
BRDA:7,1,0,5
BRDA:7,1,1,4
BRDA:38,2,0,6
BRDA:38,2,1,24
BRF:6
BRH:6
end_of_record
TN:
SF:src\components\common\pagination\pagination.test.jsx
FN:7,(anonymous_0)
FN:10,(anonymous_1)
FN:14,(anonymous_2)
FN:26,(anonymous_3)
FN:33,(anonymous_4)
FN:40,(anonymous_5)
FN:47,(anonymous_6)
FN:54,(anonymous_7)
FNF:8
FNH:8
FNDA:1,(anonymous_0)
FNDA:6,(anonymous_1)
FNDA:1,(anonymous_2)
FNDA:1,(anonymous_3)
FNDA:1,(anonymous_4)
FNDA:1,(anonymous_5)
FNDA:1,(anonymous_6)
FNDA:1,(anonymous_7)
DA:7,1
DA:10,1
DA:11,6
DA:14,1
DA:15,1
DA:16,1
DA:17,1
DA:26,1
DA:27,1
DA:28,1
DA:29,1
DA:30,1
DA:33,1
DA:34,1
DA:35,1
DA:36,1
DA:37,1
DA:40,1
DA:41,1
DA:42,1
DA:43,1
DA:44,1
DA:47,1
DA:48,1
DA:49,1
DA:50,1
DA:51,1
DA:54,1
DA:55,1
DA:56,1
DA:57,1
DA:58,1
LF:32
LH:32
BRF:0
BRH:0
end_of_record
TN:
SF:src\components\common\stepper\stepper.jsx
FN:12,(anonymous_0)
FN:23,(anonymous_1)
FN:36,(anonymous_2)
FN:39,(anonymous_3)
FNF:4
FNH:4
FNDA:7,(anonymous_0)
FNDA:2,(anonymous_1)
FNDA:35,(anonymous_2)
FNDA:2,(anonymous_3)
DA:12,3
DA:13,7
DA:15,7
DA:23,7
DA:24,2
DA:26,2
DA:27,1
DA:28,1
DA:31,1
DA:34,7
DA:37,35
DA:39,2
LF:12
LH:12
BRDA:26,0,0,1
BRDA:26,0,1,1
BRDA:41,1,0,7
BRDA:41,1,1,28
BRF:4
BRH:4
end_of_record
TN:
SF:src\components\common\stepper\stepper.test.jsx
FN:8,(anonymous_0)
FN:13,(anonymous_1)
FN:14,(anonymous_2)
FN:18,(anonymous_3)
FN:19,(anonymous_4)
FN:23,(anonymous_5)
FN:34,(anonymous_6)
FN:39,(anonymous_7)
FN:48,(anonymous_8)
FNF:9
FNH:9
FNDA:1,(anonymous_0)
FNDA:6,(anonymous_1)
FNDA:3,(anonymous_2)
FNDA:1,(anonymous_3)
FNDA:3,(anonymous_4)
FNDA:1,(anonymous_5)
FNDA:5,(anonymous_6)
FNDA:1,(anonymous_7)
FNDA:1,(anonymous_8)
DA:8,1
DA:12,1
DA:13,6
DA:18,1
DA:19,1
DA:20,3
DA:23,1
DA:24,1
DA:26,1
DA:34,1
DA:35,5
DA:39,1
DA:40,1
DA:42,1
DA:43,1
DA:45,1
DA:48,1
DA:49,1
DA:51,1
DA:52,1
DA:54,1
LF:21
LH:21
BRF:0
BRH:0
end_of_record
TN:
SF:src\components\common\userDropdown\UserDropdown.jsx
FN:5,(anonymous_0)
FN:9,(anonymous_1)
FN:22,(anonymous_2)
FN:27,(anonymous_3)
FNF:4
FNH:4
FNDA:5,(anonymous_0)
FNDA:2,(anonymous_1)
FNDA:1,(anonymous_2)
FNDA:1,(anonymous_3)
DA:5,1
DA:6,5
DA:7,5
DA:9,5
DA:10,2
DA:11,2
DA:12,2
DA:14,2
DA:15,1
DA:16,1
DA:18,1
DA:22,5
DA:23,1
DA:24,1
DA:27,5
DA:28,1
DA:29,1
DA:32,5
LF:18
LH:18
BRDA:14,0,0,1
BRDA:14,0,1,1
BRF:2
BRH:2
end_of_record
TN:
SF:src\components\common\userDropdown\UserDropdown.test.jsx
FN:8,(anonymous_0)
FN:13,(anonymous_1)
FN:17,(anonymous_2)
FN:29,(anonymous_3)
FN:34,(anonymous_4)
FN:42,(anonymous_5)
FN:55,(anonymous_6)
FN:68,(anonymous_7)
FN:84,(anonymous_8)
FNF:9
FNH:9
FNDA:1,(anonymous_0)
FNDA:1,(anonymous_1)
FNDA:5,(anonymous_2)
FNDA:5,(anonymous_3)
FNDA:1,(anonymous_4)
FNDA:1,(anonymous_5)
FNDA:1,(anonymous_6)
FNDA:1,(anonymous_7)
FNDA:1,(anonymous_8)
DA:8,1
DA:13,1
DA:14,1
DA:17,1
DA:19,5
DA:26,5
DA:29,1
DA:30,5
DA:31,5
DA:34,1
DA:35,1
DA:37,1
DA:38,1
DA:39,1
DA:42,1
DA:43,1
DA:44,1
DA:45,1
DA:47,1
DA:49,1
DA:51,1
DA:52,1
DA:55,1
DA:56,1
DA:57,1
DA:58,1
DA:60,1
DA:62,1
DA:64,1
DA:65,1
DA:68,1
DA:69,1
DA:70,1
DA:71,1
DA:73,1
DA:75,1
DA:77,1
DA:78,1
DA:79,1
DA:80,1
DA:81,1
DA:84,1
DA:85,1
DA:86,1
DA:87,1
DA:89,1
DA:91,1
DA:93,1
DA:94,1
DA:95,1
DA:96,1
LF:51
LH:51
BRF:0
BRH:0
end_of_record
TN:
SF:src\components\events\eventcard\eventCard.jsx
FN:16,(anonymous_0)
FNF:1
FNH:0
FNDA:0,(anonymous_0)
DA:16,1
DA:24,0
DA:31,0
DA:32,0
DA:35,0
DA:40,0
DA:95,1
LF:7
LH:2
BRF:0
BRH:0
end_of_record
TN:
SF:src\components\events\eventlist\eventListEventCard.jsx
FN:18,(anonymous_0)
FN:55,(anonymous_1)
FNF:2
FNH:0
FNDA:0,(anonymous_0)
FNDA:0,(anonymous_1)
DA:18,0
DA:27,0
DA:28,0
DA:40,0
DA:47,0
DA:48,0
DA:51,0
DA:55,0
DA:56,0
DA:59,0
DA:108,0
LF:11
LH:0
BRDA:89,0,0,0
BRDA:89,0,1,0
BRF:2
BRH:0
end_of_record
TN:
SF:src\components\events\herosection\heroSection.jsx
FN:6,(anonymous_0)
FN:12,(anonymous_1)
FN:13,(anonymous_2)
FN:18,(anonymous_3)
FN:27,(anonymous_4)
FN:29,(anonymous_5)
FN:52,(anonymous_6)
FN:60,(anonymous_7)
FN:65,(anonymous_8)
FN:99,(anonymous_9)
FN:109,(anonymous_10)
FN:113,(anonymous_11)
FNF:12
FNH:9
FNDA:16,(anonymous_0)
FNDA:6,(anonymous_1)
FNDA:6,(anonymous_2)
FNDA:0,(anonymous_3)
FNDA:8,(anonymous_4)
FNDA:0,(anonymous_5)
FNDA:1,(anonymous_6)
FNDA:1,(anonymous_7)
FNDA:2,(anonymous_8)
FNDA:0,(anonymous_9)
FNDA:160,(anonymous_10)
FNDA:1,(anonymous_11)
DA:6,1
DA:7,16
DA:8,16
DA:9,16
DA:10,16
DA:12,16
DA:13,6
DA:14,6
DA:15,6
DA:16,6
DA:17,0
DA:18,0
DA:19,0
DA:21,0
DA:24,6
DA:27,16
DA:28,8
DA:29,2
DA:30,0
DA:32,2
DA:34,6
DA:38,16
DA:52,16
DA:53,1
DA:54,1
DA:55,1
DA:60,16
DA:61,1
DA:65,16
DA:66,2
DA:70,16
DA:100,0
DA:110,160
DA:113,1
LF:34
LH:28
BRDA:28,0,0,2
BRDA:28,0,1,6
BRDA:54,1,0,1
BRDA:54,1,1,0
BRF:4
BRH:3
end_of_record
TN:
SF:src\components\events\herosection\heroSection.test.jsx
FN:9,(anonymous_0)
FN:13,(anonymous_1)
FN:17,(anonymous_2)
FN:19,(anonymous_3)
FN:20,(anonymous_4)
FN:24,(anonymous_5)
FN:31,(anonymous_6)
FN:34,(anonymous_7)
FN:39,(anonymous_8)
FN:46,(anonymous_9)
FN:51,(anonymous_10)
FN:60,(anonymous_11)
FN:71,(anonymous_12)
FN:77,(anonymous_13)
FNF:14
FNH:14
FNDA:1,(anonymous_0)
FNDA:16,(anonymous_1)
FNDA:6,(anonymous_2)
FNDA:1,(anonymous_3)
FNDA:6,(anonymous_4)
FNDA:1,(anonymous_5)
FNDA:1,(anonymous_6)
FNDA:5,(anonymous_7)
FNDA:1,(anonymous_8)
FNDA:1,(anonymous_9)
FNDA:1,(anonymous_10)
FNDA:1,(anonymous_11)
FNDA:1,(anonymous_12)
FNDA:1,(anonymous_13)
DA:8,1
DA:9,1
DA:10,1
DA:11,1
DA:13,16
DA:17,6
DA:19,1
DA:20,1
DA:21,6
DA:24,1
DA:25,1
DA:26,1
DA:27,1
DA:28,1
DA:31,1
DA:32,1
DA:33,1
DA:34,1
DA:35,5
DA:39,1
DA:40,1
DA:41,1
DA:44,1
DA:46,1
DA:47,1
DA:51,1
DA:52,1
DA:53,1
DA:55,1
DA:57,1
DA:60,1
DA:61,1
DA:62,1
DA:63,1
DA:65,1
DA:66,1
DA:68,1
DA:71,1
DA:72,1
DA:73,1
DA:75,1
DA:77,1
DA:78,1
LF:43
LH:43
BRF:0
BRH:0
end_of_record
TN:
SF:src\components\modals\OTPModal\otpModal.jsx
FN:7,(anonymous_0)
FN:15,(anonymous_1)
FN:30,(anonymous_2)
FN:45,(anonymous_3)
FN:52,(anonymous_4)
FN:95,(anonymous_5)
FN:113,(anonymous_6)
FN:149,(anonymous_7)
FN:151,(anonymous_8)
FN:151,(anonymous_9)
FN:152,(anonymous_10)
FN:164,(anonymous_11)
FN:175,(anonymous_12)
FN:182,(anonymous_13)
FN:183,(anonymous_14)
FNF:15
FNH:0
FNDA:0,(anonymous_0)
FNDA:0,(anonymous_1)
FNDA:0,(anonymous_2)
FNDA:0,(anonymous_3)
FNDA:0,(anonymous_4)
FNDA:0,(anonymous_5)
FNDA:0,(anonymous_6)
FNDA:0,(anonymous_7)
FNDA:0,(anonymous_8)
FNDA:0,(anonymous_9)
FNDA:0,(anonymous_10)
FNDA:0,(anonymous_11)
FNDA:0,(anonymous_12)
FNDA:0,(anonymous_13)
FNDA:0,(anonymous_14)
DA:7,0
DA:8,0
DA:9,0
DA:10,0
DA:11,0
DA:12,0
DA:15,0
DA:16,0
DA:17,0
DA:18,0
DA:19,0
DA:20,0
DA:23,0
DA:24,0
DA:30,0
DA:31,0
DA:32,0
DA:33,0
DA:34,0
DA:35,0
DA:36,0
DA:38,0
DA:39,0
DA:45,0
DA:46,0
DA:47,0
DA:48,0
DA:52,0
DA:53,0
DA:54,0
DA:56,0
DA:57,0
DA:58,0
DA:61,0
DA:73,0
DA:74,0
DA:80,0
DA:82,0
DA:84,0
DA:85,0
DA:87,0
DA:88,0
DA:89,0
DA:92,0
DA:95,0
DA:96,0
DA:97,0
DA:99,0
DA:100,0
DA:101,0
DA:104,0
DA:107,0
DA:108,0
DA:113,0
DA:114,0
DA:115,0
DA:116,0
DA:118,0
DA:128,0
DA:129,0
DA:136,0
DA:140,0
DA:141,0
DA:144,0
DA:149,0
DA:150,0
DA:151,0
DA:152,0
DA:154,0
DA:158,0
DA:160,0
DA:164,0
DA:176,0
DA:182,0
DA:183,0
LF:75
LH:0
BRDA:17,0,0,0
BRDA:17,0,1,0
BRDA:23,1,0,0
BRDA:23,1,1,0
BRDA:23,2,0,0
BRDA:23,2,1,0
BRDA:31,3,0,0
BRDA:31,3,1,0
BRDA:33,4,0,0
BRDA:33,4,1,0
BRDA:33,5,0,0
BRDA:33,5,1,0
BRDA:48,6,0,0
BRDA:48,6,1,0
BRDA:56,7,0,0
BRDA:56,7,1,0
BRDA:63,8,0,0
BRDA:63,8,1,0
BRDA:68,9,0,0
BRDA:68,9,1,0
BRDA:82,10,0,0
BRDA:82,10,1,0
BRDA:84,11,0,0
BRDA:84,11,1,0
BRDA:85,12,0,0
BRDA:85,12,1,0
BRDA:85,13,0,0
BRDA:85,13,1,0
BRDA:99,14,0,0
BRDA:99,14,1,0
BRDA:121,15,0,0
BRDA:121,15,1,0
BRDA:136,16,0,0
BRDA:136,16,1,0
BRDA:140,17,0,0
BRDA:140,17,1,0
BRDA:150,18,0,0
BRDA:150,18,1,0
BRDA:158,19,0,0
BRDA:158,19,1,0
BRDA:191,20,0,0
BRDA:191,20,1,0
BRDA:205,21,0,0
BRDA:205,21,1,0
BRF:44
BRH:0
end_of_record
TN:
SF:src\components\modals\login\loginModal.jsx
FN:10,(anonymous_0)
FN:17,(anonymous_1)
FN:53,(anonymous_2)
FN:59,(anonymous_3)
FN:68,(anonymous_4)
FN:88,(anonymous_5)
FN:101,(anonymous_6)
FN:146,(anonymous_7)
FN:150,(anonymous_8)
FNF:9
FNH:0
FNDA:0,(anonymous_0)
FNDA:0,(anonymous_1)
FNDA:0,(anonymous_2)
FNDA:0,(anonymous_3)
FNDA:0,(anonymous_4)
FNDA:0,(anonymous_5)
FNDA:0,(anonymous_6)
FNDA:0,(anonymous_7)
FNDA:0,(anonymous_8)
DA:10,0
DA:11,0
DA:12,0
DA:13,0
DA:14,0
DA:17,0
DA:18,0
DA:19,0
DA:21,0
DA:29,0
DA:30,0
DA:36,0
DA:38,0
DA:40,0
DA:42,0
DA:47,0
DA:48,0
DA:53,0
DA:54,0
DA:55,0
DA:59,0
DA:60,0
DA:61,0
DA:64,0
DA:68,0
DA:88,0
DA:101,0
DA:147,0
DA:148,0
DA:152,0
DA:153,0
DA:154,0
LF:32
LH:0
BRDA:36,0,0,0
BRDA:36,0,1,0
BRDA:38,1,0,0
BRDA:38,1,1,0
BRDA:43,2,0,0
BRDA:43,2,1,0
BRDA:118,3,0,0
BRDA:118,3,1,0
BRDA:143,4,0,0
BRDA:143,4,1,0
BRF:10
BRH:0
end_of_record
TN:
SF:src\components\pageComponents\eventDetail\main\main.jsx
FN:7,(anonymous_0)
FNF:1
FNH:0
FNDA:0,(anonymous_0)
DA:7,0
DA:8,0
DA:9,0
DA:10,0
DA:38,0
LF:5
LH:0
BRF:0
BRH:0
end_of_record
TN:
SF:src\components\pageComponents\eventDetail\relatedevent\relatedEvents.jsx
FN:130,(anonymous_0)
FN:137,(anonymous_1)
FN:144,(anonymous_2)
FN:169,(anonymous_3)
FNF:4
FNH:0
FNDA:0,(anonymous_0)
FNDA:0,(anonymous_1)
FNDA:0,(anonymous_2)
FNDA:0,(anonymous_3)
DA:9,0
DA:130,0
DA:131,0
DA:132,0
DA:133,0
DA:134,0
DA:137,0
DA:138,0
DA:139,0
DA:144,0
DA:145,0
DA:146,0
DA:150,0
DA:170,0
LF:14
LH:0
BRDA:138,0,0,0
BRDA:138,0,1,0
BRDA:145,1,0,0
BRDA:145,1,1,0
BRF:4
BRH:0
end_of_record
TN:
SF:src\components\pageComponents\eventDetail\sidebar\eventSidebar.jsx
FN:15,(anonymous_0)
FNF:1
FNH:0
FNDA:0,(anonymous_0)
DA:14,0
DA:15,0
DA:16,0
DA:28,0
DA:35,0
DA:36,0
DA:39,0
DA:43,0
DA:48,0
DA:49,0
DA:52,0
DA:56,0
DA:61,0
DA:62,0
DA:65,0
DA:69,0
DA:74,0
DA:75,0
DA:78,0
DA:82,0
DA:87,0
DA:179,0
LF:22
LH:0
BRF:0
BRH:0
end_of_record
TN:
SF:src\components\pageComponents\eventList\filter\filter.jsx
FN:11,(anonymous_0)
FN:26,(anonymous_1)
FN:32,(anonymous_2)
FN:38,(anonymous_3)
FN:49,(anonymous_4)
FN:55,(anonymous_5)
FNF:6
FNH:0
FNDA:0,(anonymous_0)
FNDA:0,(anonymous_1)
FNDA:0,(anonymous_2)
FNDA:0,(anonymous_3)
FNDA:0,(anonymous_4)
FNDA:0,(anonymous_5)
DA:11,0
DA:12,0
DA:15,0
DA:16,0
DA:18,0
DA:26,0
DA:27,0
DA:28,0
DA:29,0
DA:32,0
DA:33,0
DA:34,0
DA:35,0
DA:38,0
DA:39,0
DA:40,0
DA:41,0
DA:44,0
DA:50,0
DA:55,0
DA:106,0
LF:21
LH:0
BRDA:15,0,0,0
BRDA:15,0,1,0
BRDA:27,1,0,0
BRDA:27,1,1,0
BRDA:53,2,0,0
BRDA:53,2,1,0
BRF:6
BRH:0
end_of_record
TN:
SF:src\components\pageComponents\eventList\main\main.jsx
FN:7,(anonymous_0)
FN:12,(anonymous_1)
FN:32,(anonymous_2)
FNF:3
FNH:0
FNDA:0,(anonymous_0)
FNDA:0,(anonymous_1)
FNDA:0,(anonymous_2)
DA:7,0
DA:8,0
DA:9,0
DA:10,0
DA:12,0
DA:13,0
DA:16,0
DA:17,0
DA:18,0
DA:19,0
DA:29,0
DA:33,0
DA:48,0
LF:13
LH:0
BRDA:18,0,0,0
BRDA:18,0,1,0
BRDA:36,1,0,0
BRDA:36,1,1,0
BRF:4
BRH:0
end_of_record
TN:
SF:src\components\pageComponents\main\FAQSection\faqSection.jsx
FN:16,(anonymous_0)
FN:27,(anonymous_1)
FNF:2
FNH:0
FNDA:0,(anonymous_0)
FNDA:0,(anonymous_1)
DA:7,0
DA:16,0
DA:17,0
DA:18,0
DA:19,0
DA:21,0
DA:22,0
DA:24,0
DA:25,0
DA:27,0
DA:28,0
DA:31,0
DA:36,0
LF:13
LH:0
BRDA:21,0,0,0
BRDA:21,0,1,0
BRDA:22,1,0,0
BRDA:22,1,1,0
BRDA:45,2,0,0
BRDA:45,2,1,0
BRF:6
BRH:0
end_of_record
TN:
SF:src\components\pageComponents\main\FAQSection\queries.js
FNF:0
FNH:0
DA:3,0
LF:1
LH:0
BRF:0
BRH:0
end_of_record
TN:
SF:src\components\pageComponents\main\contactUsSection\contactForm.jsx
FN:8,(anonymous_0)
FN:11,(anonymous_1)
FN:81,(anonymous_2)
FNF:3
FNH:3
FNDA:6,(anonymous_0)
FNDA:2,(anonymous_1)
FNDA:225,(anonymous_2)
DA:8,1
DA:9,6
DA:11,6
DA:12,2
DA:14,2
DA:33,2
DA:34,2
DA:44,1
DA:45,1
DA:46,1
DA:48,0
DA:51,1
DA:52,1
DA:54,2
DA:58,6
DA:65,6
DA:82,225
LF:17
LH:16
BRDA:45,0,0,1
BRDA:45,0,1,0
BRDA:154,1,0,225
BRDA:154,1,1,4
BRF:4
BRH:3
end_of_record
TN:
SF:src\components\pageComponents\main\contactUsSection\contactForm.test.jsx
FN:10,(anonymous_0)
FN:11,(anonymous_1)
FN:21,(anonymous_2)
FN:33,(anonymous_3)
FN:65,(anonymous_4)
FN:70,(anonymous_5)
FN:88,(anonymous_6)
FNF:7
FNH:7
FNDA:1,(anonymous_0)
FNDA:1,(anonymous_1)
FNDA:1,(anonymous_2)
FNDA:1,(anonymous_3)
FNDA:2,(anonymous_4)
FNDA:1,(anonymous_5)
FNDA:2,(anonymous_6)
DA:8,1
DA:10,1
DA:11,1
DA:12,1
DA:14,1
DA:15,1
DA:16,1
DA:17,1
DA:18,1
DA:21,1
DA:22,1
DA:24,1
DA:25,1
DA:27,1
DA:28,1
DA:29,1
DA:30,1
DA:33,1
DA:34,1
DA:50,1
DA:52,1
DA:53,1
DA:54,1
DA:55,1
DA:56,1
DA:58,1
DA:59,1
DA:60,1
DA:61,1
DA:63,1
DA:65,1
DA:66,2
DA:70,1
DA:71,1
DA:73,1
DA:75,1
DA:76,1
DA:77,1
DA:78,1
DA:79,1
DA:81,1
DA:82,1
DA:83,1
DA:84,1
DA:86,1
DA:88,1
DA:89,2
LF:47
LH:47
BRF:0
BRH:0
end_of_record
TN:
SF:src\components\pageComponents\main\eventSection\createEvent.jsx
FN:6,(anonymous_0)
FN:10,(anonymous_1)
FN:17,(anonymous_2)
FN:59,(anonymous_3)
FNF:4
FNH:0
FNDA:0,(anonymous_0)
FNDA:0,(anonymous_1)
FNDA:0,(anonymous_2)
FNDA:0,(anonymous_3)
DA:6,0
DA:7,0
DA:8,0
DA:10,0
DA:12,0
DA:15,0
DA:16,0
DA:17,0
DA:18,0
DA:24,0
DA:27,0
DA:59,0
LF:12
LH:0
BRDA:12,0,0,0
BRDA:12,0,1,0
BRDA:15,1,0,0
BRDA:15,1,1,0
BRDA:59,2,0,0
BRDA:59,2,1,0
BRF:6
BRH:0
end_of_record
TN:
SF:src\components\pageComponents\main\featureSection\featureCard.jsx
FN:6,(anonymous_0)
FNF:1
FNH:0
FNDA:0,(anonymous_0)
DA:6,1
DA:7,0
DA:18,1
LF:3
LH:2
BRF:0
BRH:0
end_of_record
TN:
SF:src\components\pageComponents\main\featureSection\featureSection.jsx
FN:12,(anonymous_0)
FN:14,(anonymous_1)
FNF:2
FNH:2
FNDA:3,(anonymous_0)
FNDA:1,(anonymous_1)
DA:12,1
DA:13,3
DA:14,3
DA:15,1
DA:16,1
DA:22,3
LF:6
LH:6
BRF:0
BRH:0
end_of_record
TN:
SF:src\components\pageComponents\main\featureSection\featureSection.test.jsx
FN:9,(anonymous_0)
FN:13,(anonymous_1)
FN:20,(anonymous_2)
FN:22,(anonymous_3)
FN:23,(anonymous_4)
FN:27,(anonymous_5)
FN:35,(anonymous_6)
FN:62,(anonymous_7)
FN:68,(anonymous_8)
FNF:9
FNH:9
FNDA:1,(anonymous_0)
FNDA:3,(anonymous_1)
FNDA:3,(anonymous_2)
FNDA:1,(anonymous_3)
FNDA:3,(anonymous_4)
FNDA:1,(anonymous_5)
FNDA:1,(anonymous_6)
FNDA:4,(anonymous_7)
FNDA:1,(anonymous_8)
DA:8,1
DA:9,1
DA:10,1
DA:11,1
DA:13,3
DA:18,1
DA:20,3
DA:22,1
DA:23,1
DA:24,3
DA:27,1
DA:28,1
DA:29,1
DA:30,1
DA:35,1
DA:36,1
DA:39,1
DA:62,1
DA:63,4
DA:64,4
DA:68,1
DA:69,1
DA:71,1
DA:72,1
DA:74,1
DA:75,1
LF:26
LH:26
BRF:0
BRH:0
end_of_record
TN:
SF:src\components\pageComponents\main\latestevents\latestEvents.jsx
FN:130,(anonymous_0)
FN:137,(anonymous_1)
FN:144,(anonymous_2)
FN:171,(anonymous_3)
FNF:4
FNH:0
FNDA:0,(anonymous_0)
FNDA:0,(anonymous_1)
FNDA:0,(anonymous_2)
FNDA:0,(anonymous_3)
DA:9,0
DA:130,0
DA:131,0
DA:132,0
DA:133,0
DA:134,0
DA:137,0
DA:138,0
DA:139,0
DA:144,0
DA:145,0
DA:146,0
DA:150,0
DA:172,0
LF:14
LH:0
BRDA:138,0,0,0
BRDA:138,0,1,0
BRDA:145,1,0,0
BRDA:145,1,1,0
BRF:4
BRH:0
end_of_record
TN:
SF:src\components\shared\button\button.jsx
FN:5,(anonymous_0)
FNF:1
FNH:1
FNDA:264,(anonymous_0)
DA:5,5
DA:16,264
DA:31,264
DA:46,5
LF:4
LH:4
BRDA:7,0,0,259
BRDA:8,1,0,264
BRDA:9,2,0,263
BRDA:10,3,0,263
BRDA:11,4,0,17
BRDA:13,5,0,17
BRDA:21,6,0,16
BRDA:21,6,1,248
BRDA:25,7,0,16
BRDA:25,7,1,248
BRDA:38,8,0,264
BRDA:38,8,1,1
BRDA:40,9,0,264
BRDA:40,9,1,264
BRF:14
BRH:14
end_of_record
TN:
SF:src\components\shared\button\button.test.jsx
FN:7,(anonymous_0)
FN:21,(anonymous_1)
FN:59,(anonymous_2)
FN:69,(anonymous_3)
FN:79,(anonymous_4)
FNF:5
FNH:5
FNDA:1,(anonymous_0)
FNDA:1,(anonymous_1)
FNDA:1,(anonymous_2)
FNDA:1,(anonymous_3)
FNDA:1,(anonymous_4)
DA:7,1
DA:8,1
DA:21,1
DA:59,1
DA:60,1
DA:62,1
DA:63,1
DA:65,1
DA:66,1
DA:69,1
DA:70,1
DA:71,1
DA:73,1
DA:74,1
DA:76,1
DA:79,1
DA:80,1
DA:81,1
DA:83,1
DA:84,1
DA:86,1
LF:21
LH:21
BRF:0
BRH:0
end_of_record
TN:
SF:src\components\userdashboard\createevent\createEvent.jsx
FN:12,(anonymous_0)
FN:13,(anonymous_1)
FN:19,(anonymous_2)
FN:37,(anonymous_3)
FN:41,(anonymous_4)
FN:52,(anonymous_5)
FN:57,(anonymous_6)
FN:61,(anonymous_7)
FNF:8
FNH:4
FNDA:3,(anonymous_0)
FNDA:6,(anonymous_1)
FNDA:3,(anonymous_2)
FNDA:0,(anonymous_3)
FNDA:0,(anonymous_4)
FNDA:1,(anonymous_5)
FNDA:0,(anonymous_6)
FNDA:0,(anonymous_7)
DA:12,2
DA:13,6
DA:14,3
DA:17,3
DA:19,3
DA:20,3
DA:22,1
DA:24,0
DA:26,2
DA:28,0
DA:30,0
DA:32,0
DA:37,3
DA:38,0
DA:39,0
DA:41,0
DA:45,0
DA:47,0
DA:52,3
DA:53,1
DA:57,3
DA:59,0
DA:61,0
DA:65,0
DA:69,3
LF:25
LH:13
BRDA:20,0,0,1
BRDA:20,0,1,0
BRDA:20,0,2,2
BRDA:20,0,3,0
BRDA:20,0,4,0
BRDA:20,0,5,0
BRDA:39,1,0,0
BRDA:39,1,1,0
BRDA:74,2,0,3
BRDA:74,2,1,2
BRDA:74,2,2,2
BRDA:82,3,0,3
BRDA:82,3,1,3
BRF:13
BRH:7
end_of_record
TN:
SF:src\components\userdashboard\createevent\createEvent.test.jsx
FN:9,(anonymous_0)
FN:17,(anonymous_1)
FN:18,(anonymous_2)
FN:20,(anonymous_3)
FN:21,(anonymous_4)
FN:23,(anonymous_5)
FN:24,(anonymous_6)
FN:27,(anonymous_7)
FN:31,(anonymous_8)
FN:37,(anonymous_9)
FN:65,(anonymous_10)
FN:101,(anonymous_11)
FNF:12
FNH:11
FNDA:1,(anonymous_0)
FNDA:1,(anonymous_1)
FNDA:1,(anonymous_2)
FNDA:1,(anonymous_3)
FNDA:0,(anonymous_4)
FNDA:1,(anonymous_5)
FNDA:5,(anonymous_6)
FNDA:1,(anonymous_7)
FNDA:3,(anonymous_8)
FNDA:1,(anonymous_9)
FNDA:1,(anonymous_10)
FNDA:1,(anonymous_11)
DA:9,1
DA:10,1
DA:11,1
DA:17,1
DA:18,1
DA:20,1
DA:21,0
DA:23,1
DA:24,5
DA:27,1
DA:28,1
DA:31,1
DA:32,3
DA:37,1
DA:38,1
DA:44,1
DA:45,1
DA:46,1
DA:65,1
DA:66,1
DA:70,1
DA:71,1
DA:73,1
DA:79,1
DA:81,1
DA:82,1
DA:101,1
DA:102,1
DA:106,1
DA:112,1
DA:113,1
LF:31
LH:30
BRF:0
BRH:0
end_of_record
TN:
SF:src\components\userdashboard\createevent\steps\step1\step1.jsx
FN:10,(anonymous_0)
FN:11,(anonymous_1)
FN:12,(anonymous_2)
FN:29,(anonymous_3)
FN:35,(anonymous_4)
FNF:5
FNH:0
FNDA:0,(anonymous_0)
FNDA:0,(anonymous_1)
FNDA:0,(anonymous_2)
FNDA:0,(anonymous_3)
FNDA:0,(anonymous_4)
DA:10,1
DA:11,0
DA:12,0
DA:13,0
DA:15,0
DA:30,0
DA:31,0
DA:35,0
DA:36,0
DA:39,0
LF:10
LH:1
BRDA:18,0,0,0
BRDA:18,0,1,0
BRDA:19,1,0,0
BRDA:19,1,1,0
BRDA:20,2,0,0
BRDA:20,2,1,0
BRDA:62,3,0,0
BRDA:62,3,1,0
BRDA:62,4,0,0
BRDA:62,4,1,0
BRDA:86,5,0,0
BRDA:86,5,1,0
BRDA:86,6,0,0
BRDA:86,6,1,0
BRDA:105,7,0,0
BRDA:105,7,1,0
BRDA:105,8,0,0
BRDA:105,8,1,0
BRF:18
BRH:0
end_of_record
TN:
SF:src\components\userdashboard\createevent\steps\step2\step2.jsx
FN:16,(anonymous_0)
FN:17,(anonymous_1)
FN:18,(anonymous_2)
FN:20,(anonymous_3)
FN:47,(anonymous_4)
FN:52,(anonymous_5)
FN:82,(anonymous_6)
FN:101,(anonymous_7)
FN:120,(anonymous_8)
FN:144,(anonymous_9)
FNF:10
FNH:0
FNDA:0,(anonymous_0)
FNDA:0,(anonymous_1)
FNDA:0,(anonymous_2)
FNDA:0,(anonymous_3)
FNDA:0,(anonymous_4)
FNDA:0,(anonymous_5)
FNDA:0,(anonymous_6)
FNDA:0,(anonymous_7)
FNDA:0,(anonymous_8)
FNDA:0,(anonymous_9)
DA:16,2
DA:17,0
DA:18,0
DA:19,0
DA:20,0
DA:21,0
DA:22,0
DA:29,0
DA:52,0
DA:53,0
DA:55,0
DA:58,0
DA:65,0
DA:66,0
DA:70,0
DA:82,0
DA:101,0
DA:121,0
DA:145,0
LF:19
LH:1
BRDA:21,0,0,0
BRDA:21,0,1,0
BRDA:53,1,0,0
BRDA:53,1,1,0
BRDA:89,2,0,0
BRDA:89,2,1,0
BRDA:89,3,0,0
BRDA:89,3,1,0
BRDA:108,4,0,0
BRDA:108,4,1,0
BRDA:108,5,0,0
BRDA:108,5,1,0
BRDA:129,6,0,0
BRDA:129,6,1,0
BRDA:129,7,0,0
BRDA:129,7,1,0
BRDA:153,8,0,0
BRDA:153,8,1,0
BRDA:153,9,0,0
BRDA:153,9,1,0
BRF:20
BRH:0
end_of_record
TN:
SF:src\components\userdashboard\createevent\steps\step3\step3.jsx
FN:9,(anonymous_0)
FN:10,(anonymous_1)
FN:11,(anonymous_2)
FN:18,(anonymous_3)
FN:19,(anonymous_4)
FN:32,(anonymous_5)
FN:60,(anonymous_6)
FN:71,(anonymous_7)
FN:88,(anonymous_8)
FN:98,(anonymous_9)
FN:106,(anonymous_10)
FN:115,(anonymous_11)
FN:140,(anonymous_12)
FN:161,(anonymous_13)
FNF:14
FNH:6
FNDA:4,(anonymous_0)
FNDA:6,(anonymous_1)
FNDA:6,(anonymous_2)
FNDA:2,(anonymous_3)
FNDA:2,(anonymous_4)
FNDA:0,(anonymous_5)
FNDA:0,(anonymous_6)
FNDA:0,(anonymous_7)
FNDA:0,(anonymous_8)
FNDA:0,(anonymous_9)
FNDA:0,(anonymous_10)
FNDA:2,(anonymous_11)
FNDA:0,(anonymous_12)
FNDA:0,(anonymous_13)
DA:9,2
DA:10,6
DA:11,6
DA:12,4
DA:14,4
DA:15,4
DA:18,4
DA:19,2
DA:20,2
DA:21,2
DA:22,0
DA:23,0
DA:25,0
DA:28,2
DA:32,4
DA:33,0
DA:34,0
DA:35,0
DA:36,0
DA:37,0
DA:39,0
DA:43,4
DA:61,0
DA:62,0
DA:67,4
DA:68,4
DA:71,4
DA:72,0
DA:73,0
DA:75,0
DA:76,0
DA:79,0
DA:80,0
DA:81,0
DA:82,0
DA:85,0
DA:88,0
DA:89,0
DA:90,0
DA:92,0
DA:95,0
DA:98,4
DA:99,0
DA:100,0
DA:101,0
DA:102,0
DA:103,0
DA:106,0
DA:107,0
DA:108,0
DA:110,0
DA:115,4
DA:122,4
DA:141,0
DA:162,0
LF:55
LH:19
BRDA:47,0,0,4
BRDA:47,0,1,0
BRDA:48,1,0,4
BRDA:48,1,1,4
BRDA:49,2,0,4
BRDA:49,2,1,4
BRDA:50,3,0,4
BRDA:50,3,1,4
BRDA:51,4,0,4
BRDA:51,4,1,4
BRDA:79,5,0,0
BRDA:79,5,1,0
BRDA:89,6,0,0
BRDA:89,6,1,0
BRDA:101,7,0,0
BRDA:101,7,1,0
BRDA:107,8,0,0
BRDA:107,8,1,0
BRDA:137,9,0,4
BRDA:137,9,1,4
BRDA:147,10,0,0
BRDA:147,10,1,4
BRDA:147,11,0,4
BRDA:147,11,1,0
BRDA:158,12,0,4
BRDA:158,12,1,4
BRDA:168,13,0,0
BRDA:168,13,1,4
BRDA:168,14,0,4
BRDA:168,14,1,0
BRDA:185,15,0,0
BRDA:185,15,1,4
BRDA:185,16,0,4
BRDA:185,16,1,0
BRDA:201,17,0,0
BRDA:201,17,1,4
BRDA:201,18,0,4
BRDA:201,18,1,0
BRDA:218,19,0,0
BRDA:218,19,1,4
BRDA:218,20,0,4
BRDA:218,20,1,0
BRF:42
BRH:23
end_of_record
TN:
SF:src\components\userdashboard\createevent\steps\step4\step4.jsx
FN:9,(anonymous_0)
FN:10,(anonymous_1)
FN:11,(anonymous_2)
FN:29,(anonymous_3)
FN:40,(anonymous_4)
FN:44,(anonymous_5)
FNF:6
FNH:0
FNDA:0,(anonymous_0)
FNDA:0,(anonymous_1)
FNDA:0,(anonymous_2)
FNDA:0,(anonymous_3)
FNDA:0,(anonymous_4)
FNDA:0,(anonymous_5)
DA:9,2
DA:10,0
DA:11,0
DA:12,0
DA:13,0
DA:15,0
DA:30,0
DA:36,0
DA:40,0
DA:41,0
DA:42,0
DA:43,0
DA:44,0
DA:45,0
DA:47,0
DA:48,0
DA:52,0
LF:17
LH:1
BRDA:13,0,0,0
BRDA:13,0,1,0
BRDA:18,1,0,0
BRDA:18,1,1,0
BRDA:19,2,0,0
BRDA:19,2,1,0
BRDA:42,3,0,0
BRDA:42,3,1,0
BRDA:68,4,0,0
BRDA:68,4,1,0
BRDA:68,5,0,0
BRDA:68,5,1,0
BRDA:77,6,0,0
BRDA:77,6,1,0
BRDA:104,7,0,0
BRDA:104,7,1,0
BRDA:104,8,0,0
BRDA:104,8,1,0
BRF:18
BRH:0
end_of_record
TN:
SF:src\components\userdashboard\createevent\steps\step5\step5.jsx
FN:10,(anonymous_0)
FN:31,(anonymous_1)
FN:43,(anonymous_2)
FN:44,(anonymous_3)
FN:50,(anonymous_4)
FN:106,(anonymous_5)
FN:112,(anonymous_6)
FNF:7
FNH:0
FNDA:0,(anonymous_0)
FNDA:0,(anonymous_1)
FNDA:0,(anonymous_2)
FNDA:0,(anonymous_3)
FNDA:0,(anonymous_4)
FNDA:0,(anonymous_5)
FNDA:0,(anonymous_6)
DA:10,1
DA:11,0
DA:13,0
DA:15,0
DA:16,0
DA:17,0
DA:18,0
DA:20,0
DA:24,0
DA:25,0
DA:31,1
DA:32,0
DA:33,0
DA:35,0
DA:37,0
DA:38,0
DA:40,0
DA:43,1
DA:44,0
DA:45,0
DA:48,0
DA:50,0
DA:52,0
DA:53,0
DA:54,0
DA:55,0
DA:58,0
DA:91,0
DA:92,0
DA:98,0
DA:99,0
DA:101,0
DA:102,0
DA:106,0
DA:107,0
DA:110,0
DA:112,0
LF:37
LH:3
BRDA:11,0,0,0
BRDA:11,0,1,0
BRDA:15,1,0,0
BRDA:15,1,1,0
BRDA:15,2,0,0
BRDA:15,2,1,0
BRDA:17,3,0,0
BRDA:17,3,1,0
BRDA:32,4,0,0
BRDA:32,4,1,0
BRDA:33,5,0,0
BRDA:33,5,1,0
BRDA:33,6,0,0
BRDA:33,6,1,0
BRDA:37,7,0,0
BRDA:37,7,1,0
BRDA:48,8,0,0
BRDA:48,8,1,0
BRDA:73,9,0,0
BRDA:73,9,1,0
BRDA:74,10,0,0
BRDA:74,10,1,0
BRDA:116,11,0,0
BRDA:116,11,1,0
BRDA:158,12,0,0
BRDA:158,12,1,0
BRDA:167,13,0,0
BRDA:167,13,1,0
BRF:28
BRH:0
end_of_record
TN:
SF:src\components\userdashboard\editprofile\editProfileTab.jsx
FN:16,(anonymous_0)
FN:32,(anonymous_1)
FN:33,(anonymous_2)
FN:84,(anonymous_3)
FN:110,(anonymous_4)
FN:210,(anonymous_5)
FN:256,(anonymous_6)
FN:272,(anonymous_7)
FN:288,(anonymous_8)
FN:299,(anonymous_9)
FNF:10
FNH:4
FNDA:11,(anonymous_0)
FNDA:5,(anonymous_1)
FNDA:5,(anonymous_2)
FNDA:0,(anonymous_3)
FNDA:0,(anonymous_4)
FNDA:4,(anonymous_5)
FNDA:0,(anonymous_6)
FNDA:0,(anonymous_7)
FNDA:0,(anonymous_8)
FNDA:0,(anonymous_9)
DA:16,1
DA:17,11
DA:19,11
DA:27,10
DA:28,10
DA:29,10
DA:32,10
DA:33,5
DA:34,5
DA:35,5
DA:44,5
DA:49,4
DA:50,1
DA:51,1
DA:60,0
DA:63,4
DA:65,5
DA:68,5
DA:72,10
DA:86,0
DA:87,0
DA:93,0
DA:94,0
DA:100,0
DA:101,0
DA:106,0
DA:110,10
DA:111,0
DA:113,0
DA:116,0
DA:117,0
DA:118,0
DA:122,0
DA:123,0
DA:131,0
DA:136,0
DA:137,0
DA:138,0
DA:139,0
DA:144,0
DA:145,0
DA:153,0
DA:158,0
DA:159,0
DA:160,0
DA:161,0
DA:166,0
DA:167,0
DA:175,0
DA:180,0
DA:181,0
DA:182,0
DA:185,0
DA:189,0
DA:190,0
DA:192,0
DA:193,0
DA:197,10
DA:198,8
DA:201,2
DA:211,4
DA:256,0
DA:272,0
DA:288,0
DA:300,0
DA:301,0
LF:66
LH:23
BRDA:17,0,0,11
BRDA:17,0,1,7
BRDA:50,1,0,1
BRDA:50,1,1,0
BRDA:52,2,0,1
BRDA:52,2,1,0
BRDA:53,3,0,1
BRDA:53,3,1,1
BRDA:54,4,0,1
BRDA:54,4,1,1
BRDA:86,5,0,0
BRDA:86,5,1,0
BRDA:86,6,0,0
BRDA:86,6,1,0
BRDA:93,7,0,0
BRDA:93,7,1,0
BRDA:93,8,0,0
BRDA:93,8,1,0
BRDA:100,9,0,0
BRDA:100,9,1,0
BRDA:100,10,0,0
BRDA:100,10,1,0
BRDA:116,11,0,0
BRDA:116,11,1,0
BRDA:116,12,0,0
BRDA:116,12,1,0
BRDA:122,13,0,0
BRDA:122,13,1,0
BRDA:137,14,0,0
BRDA:137,14,1,0
BRDA:138,15,0,0
BRDA:138,15,1,0
BRDA:144,16,0,0
BRDA:144,16,1,0
BRDA:159,17,0,0
BRDA:159,17,1,0
BRDA:160,18,0,0
BRDA:160,18,1,0
BRDA:166,19,0,0
BRDA:166,19,1,0
BRDA:166,20,0,0
BRDA:166,20,1,0
BRDA:181,21,0,0
BRDA:181,21,1,0
BRDA:183,22,0,0
BRDA:183,22,1,0
BRDA:192,23,0,0
BRDA:192,23,1,0
BRDA:197,24,0,8
BRDA:197,24,1,2
BRDA:247,25,0,0
BRDA:247,25,1,4
BRDA:253,26,0,0
BRDA:253,26,1,4
BRDA:263,27,0,0
BRDA:263,27,1,4
BRDA:269,28,0,0
BRDA:269,28,1,4
BRDA:279,29,0,0
BRDA:279,29,1,4
BRDA:285,30,0,0
BRDA:285,30,1,4
BRDA:308,31,0,2
BRDA:308,31,1,1
BRF:64
BRH:18
end_of_record
TN:
SF:src\components\userdashboard\myevents\myEventsTab.jsx
FN:8,(anonymous_0)
FN:15,(anonymous_1)
FN:69,(anonymous_2)
FN:73,(anonymous_3)
FN:94,(anonymous_4)
FN:102,(anonymous_5)
FN:114,(anonymous_6)
FN:120,(anonymous_7)
FN:126,(anonymous_8)
FNF:9
FNH:4
FNDA:3,(anonymous_0)
FNDA:1,(anonymous_1)
FNDA:1,(anonymous_2)
FNDA:2,(anonymous_3)
FNDA:0,(anonymous_4)
FNDA:0,(anonymous_5)
FNDA:0,(anonymous_6)
FNDA:0,(anonymous_7)
FNDA:0,(anonymous_8)
DA:8,1
DA:9,3
DA:10,2
DA:11,2
DA:12,2
DA:13,2
DA:15,2
DA:16,1
DA:17,1
DA:18,1
DA:19,1
DA:30,0
DA:31,0
DA:42,0
DA:44,0
DA:57,1
DA:58,1
DA:61,1
DA:63,1
DA:65,1
DA:69,2
DA:70,1
DA:73,2
DA:74,2
DA:75,1
DA:76,1
DA:87,0
DA:88,0
DA:89,0
DA:91,0
DA:95,0
DA:102,0
DA:108,2
DA:114,0
DA:120,0
DA:126,0
LF:36
LH:23
BRDA:18,0,0,1
BRDA:18,0,1,0
BRDA:30,1,0,0
BRDA:30,1,1,0
BRDA:42,2,0,0
BRDA:42,2,1,0
BRDA:74,3,0,1
BRDA:74,3,1,1
BRDA:75,4,0,1
BRDA:75,4,1,0
BRDA:112,5,0,2
BRDA:112,5,1,0
BRDA:118,6,0,0
BRDA:118,6,1,2
BRDA:124,7,0,0
BRDA:124,7,1,2
BRF:16
BRH:7
end_of_record
TN:
SF:src\components\userdashboard\notifications\notifications.jsx
FN:5,(anonymous_0)
FN:38,(anonymous_1)
FN:50,(anonymous_2)
FN:56,(anonymous_3)
FN:66,(anonymous_4)
FN:80,(anonymous_5)
FN:89,(anonymous_6)
FNF:7
FNH:0
FNDA:0,(anonymous_0)
FNDA:0,(anonymous_1)
FNDA:0,(anonymous_2)
FNDA:0,(anonymous_3)
FNDA:0,(anonymous_4)
FNDA:0,(anonymous_5)
FNDA:0,(anonymous_6)
DA:5,1
DA:7,0
DA:16,0
DA:35,0
DA:38,0
DA:39,0
DA:42,0
DA:50,0
DA:56,0
DA:67,0
DA:81,0
DA:89,0
LF:12
LH:1
BRDA:49,0,0,0
BRDA:49,0,1,0
BRDA:55,1,0,0
BRDA:55,1,1,0
BRDA:64,2,0,0
BRDA:64,2,1,0
BRDA:65,3,0,0
BRDA:65,3,1,0
BRDA:79,4,0,0
BRDA:79,4,1,0
BRDA:83,5,0,0
BRDA:83,5,1,0
BRF:12
BRH:0
end_of_record
TN:
SF:src\components\userdashboard\tickets\tickets.jsx
FN:3,(anonymous_0)
FNF:1
FNH:0
FNDA:0,(anonymous_0)
DA:3,1
DA:4,0
LF:2
LH:1
BRF:0
BRH:0
end_of_record
TN:
SF:src\pages\aboutUs\aboutUs.jsx
FN:14,(anonymous_0)
FNF:1
FNH:1
FNDA:1,(anonymous_0)
DA:14,1
DA:15,1
LF:2
LH:2
BRF:0
BRH:0
end_of_record
TN:
SF:src\pages\aboutUs\aboutUs.test.jsx
FN:6,(anonymous_0)
FN:7,(anonymous_1)
FNF:2
FNH:2
FNDA:1,(anonymous_0)
FNDA:1,(anonymous_1)
DA:6,1
DA:7,1
DA:8,1
DA:11,1
DA:12,1
DA:15,1
DA:16,1
DA:17,1
DA:20,1
DA:21,1
DA:24,1
DA:25,1
DA:26,1
DA:27,1
DA:28,1
DA:29,1
DA:30,1
DA:31,1
DA:32,1
LF:19
LH:19
BRF:0
BRH:0
end_of_record
TN:
SF:src\pages\eventDetail\eventDetail.jsx
FN:9,(anonymous_0)
FN:18,(anonymous_1)
FN:20,(anonymous_2)
FNF:3
FNH:0
FNDA:0,(anonymous_0)
FNDA:0,(anonymous_1)
FNDA:0,(anonymous_2)
DA:9,0
DA:10,0
DA:11,0
DA:12,0
DA:14,0
DA:15,0
DA:16,0
DA:18,0
DA:20,0
DA:21,0
DA:23,0
DA:53,0
DA:54,0
DA:55,0
DA:56,0
DA:58,0
DA:61,0
DA:63,0
DA:67,0
DA:70,0
DA:71,0
DA:72,0
DA:74,0
LF:23
LH:0
BRDA:55,0,0,0
BRDA:55,0,1,0
BRDA:70,1,0,0
BRDA:70,1,1,0
BRDA:71,2,0,0
BRDA:71,2,1,0
BRDA:72,3,0,0
BRDA:72,3,1,0
BRF:8
BRH:0
end_of_record
TN:
SF:src\pages\eventList\eventList.jsx
FN:8,(anonymous_0)
FN:21,(anonymous_1)
FN:22,(anonymous_2)
FN:75,(anonymous_3)
FN:76,(anonymous_4)
FNF:5
FNH:0
FNDA:0,(anonymous_0)
FNDA:0,(anonymous_1)
FNDA:0,(anonymous_2)
FNDA:0,(anonymous_3)
FNDA:0,(anonymous_4)
DA:8,0
DA:9,0
DA:10,0
DA:11,0
DA:12,0
DA:13,0
DA:21,0
DA:22,0
DA:23,0
DA:24,0
DA:25,0
DA:60,0
DA:61,0
DA:64,0
DA:65,0
DA:67,0
DA:68,0
DA:72,0
DA:75,0
DA:76,0
DA:79,0
LF:21
LH:0
BRDA:14,0,0,0
BRDA:14,0,1,0
BRDA:31,1,0,0
BRDA:31,1,1,0
BRDA:34,2,0,0
BRDA:34,2,1,0
BRDA:60,3,0,0
BRDA:60,3,1,0
BRF:8
BRH:0
end_of_record
TN:
SF:src\pages\home\home.jsx
FN:10,(anonymous_0)
FNF:1
FNH:1
FNDA:1,(anonymous_0)
DA:10,1
DA:11,1
LF:2
LH:2
BRF:0
BRH:0
end_of_record
TN:
SF:src\pages\home\home.test.jsx
FN:6,(anonymous_0)
FN:7,(anonymous_1)
FN:9,(anonymous_2)
FN:10,(anonymous_3)
FN:12,(anonymous_4)
FN:13,(anonymous_5)
FN:15,(anonymous_6)
FN:16,(anonymous_7)
FN:18,(anonymous_8)
FN:19,(anonymous_9)
FN:21,(anonymous_10)
FN:22,(anonymous_11)
FN:25,(anonymous_12)
FN:26,(anonymous_13)
FNF:14
FNH:14
FNDA:1,(anonymous_0)
FNDA:1,(anonymous_1)
FNDA:1,(anonymous_2)
FNDA:1,(anonymous_3)
FNDA:1,(anonymous_4)
FNDA:1,(anonymous_5)
FNDA:1,(anonymous_6)
FNDA:1,(anonymous_7)
FNDA:1,(anonymous_8)
FNDA:1,(anonymous_9)
FNDA:1,(anonymous_10)
FNDA:1,(anonymous_11)
FNDA:1,(anonymous_12)
FNDA:1,(anonymous_13)
DA:6,1
DA:7,1
DA:9,1
DA:10,1
DA:12,1
DA:13,1
DA:15,1
DA:16,1
DA:18,1
DA:19,1
DA:21,1
DA:22,1
DA:25,1
DA:26,1
DA:27,1
DA:29,1
DA:30,1
DA:31,1
DA:32,1
DA:33,1
DA:34,1
LF:21
LH:21
BRF:0
BRH:0
end_of_record
TN:
SF:src\pages\login\login.jsx
FN:8,(anonymous_0)
FN:23,(anonymous_1)
FN:46,(anonymous_2)
FN:72,(anonymous_3)
FN:114,(anonymous_4)
FN:126,(anonymous_5)
FNF:6
FNH:5
FNDA:7,(anonymous_0)
FNDA:1,(anonymous_1)
FNDA:0,(anonymous_2)
FNDA:14,(anonymous_3)
FNDA:1,(anonymous_4)
FNDA:1,(anonymous_5)
DA:8,1
DA:9,7
DA:10,7
DA:13,7
DA:23,7
DA:24,1
DA:25,1
DA:40,1
DA:41,1
DA:42,0
DA:43,0
DA:44,0
DA:45,0
DA:46,0
DA:47,0
DA:50,1
DA:53,0
DA:54,0
DA:56,1
DA:59,7
DA:73,14
DA:114,1
DA:126,1
LF:23
LH:15
BRDA:41,0,0,0
BRDA:41,0,1,1
BRDA:118,1,0,14
BRDA:118,1,1,1
BRDA:126,2,0,7
BRDA:126,2,1,1
BRF:6
BRH:5
end_of_record
TN:
SF:src\pages\login\login.test.jsx
FN:8,(anonymous_0)
FN:10,(anonymous_1)
FN:14,(anonymous_2)
FN:16,(anonymous_3)
FN:25,(anonymous_4)
FN:29,(anonymous_5)
FN:30,(anonymous_6)
FN:34,(anonymous_7)
FN:35,(anonymous_8)
FN:41,(anonymous_9)
FN:54,(anonymous_10)
FN:120,(anonymous_11)
FN:123,(anonymous_12)
FN:126,(anonymous_13)
FN:143,(anonymous_14)
FN:159,(anonymous_15)
FN:168,(anonymous_16)
FN:175,(anonymous_17)
FN:180,(anonymous_18)
FNF:19
FNH:18
FNDA:1,(anonymous_0)
FNDA:28,(anonymous_1)
FNDA:1,(anonymous_2)
FNDA:1,(anonymous_3)
FNDA:1,(anonymous_4)
FNDA:0,(anonymous_5)
FNDA:4,(anonymous_6)
FNDA:1,(anonymous_7)
FNDA:4,(anonymous_8)
FNDA:1,(anonymous_9)
FNDA:1,(anonymous_10)
FNDA:1,(anonymous_11)
FNDA:1,(anonymous_12)
FNDA:1,(anonymous_13)
FNDA:1,(anonymous_14)
FNDA:1,(anonymous_15)
FNDA:1,(anonymous_16)
FNDA:1,(anonymous_17)
FNDA:1,(anonymous_18)
DA:8,1
DA:10,28
DA:14,1
DA:17,1
DA:24,1
DA:25,1
DA:26,1
DA:27,1
DA:29,0
DA:30,4
DA:34,1
DA:35,1
DA:36,4
DA:37,4
DA:38,4
DA:41,1
DA:42,1
DA:48,1
DA:49,1
DA:50,1
DA:51,1
DA:54,1
DA:55,1
DA:61,1
DA:63,1
DA:64,1
DA:120,1
DA:121,1
DA:123,1
DA:124,1
DA:125,1
DA:127,1
DA:128,1
DA:137,1
DA:143,1
DA:144,1
DA:145,1
DA:149,1
DA:150,1
DA:154,1
DA:155,1
DA:158,1
DA:159,1
DA:160,1
DA:161,1
DA:162,0
DA:164,1
DA:168,1
DA:169,1
DA:175,1
DA:176,1
DA:178,1
DA:180,1
DA:181,1
DA:183,1
LF:55
LH:53
BRDA:161,0,0,0
BRDA:161,0,1,1
BRF:2
BRH:1
end_of_record
TN:
SF:src\pages\notfound\notFound.jsx
FN:8,Notfound
FN:22,(anonymous_1)
FNF:2
FNH:2
FNDA:1,Notfound
FNDA:1,(anonymous_1)
DA:9,1
DA:10,1
DA:22,1
LF:3
LH:3
BRF:0
BRH:0
end_of_record
TN:
SF:src\pages\notfound\notFound.test.jsx
FN:8,(anonymous_0)
FN:16,(anonymous_1)
FN:17,(anonymous_2)
FNF:3
FNH:3
FNDA:1,(anonymous_0)
FNDA:1,(anonymous_1)
FNDA:1,(anonymous_2)
DA:8,1
DA:9,1
DA:10,1
DA:16,1
DA:17,1
DA:18,1
DA:19,1
DA:21,1
DA:28,1
DA:31,1
DA:34,1
DA:35,1
DA:38,1
DA:39,1
LF:14
LH:14
BRF:0
BRH:0
end_of_record
TN:
SF:src\pages\privacyPolicy\privacyPolicy.jsx
FN:4,(anonymous_0)
FNF:1
FNH:1
FNDA:6,(anonymous_0)
DA:4,1
DA:5,6
LF:2
LH:2
BRF:0
BRH:0
end_of_record
TN:
SF:src\pages\privacyPolicy\privacyPolicy.test.jsx
FN:5,(anonymous_0)
FN:6,(anonymous_1)
FN:13,(anonymous_2)
FN:21,(anonymous_3)
FN:31,(anonymous_4)
FN:43,(anonymous_5)
FN:51,(anonymous_6)
FNF:7
FNH:7
FNDA:1,(anonymous_0)
FNDA:1,(anonymous_1)
FNDA:1,(anonymous_2)
FNDA:1,(anonymous_3)
FNDA:1,(anonymous_4)
FNDA:1,(anonymous_5)
FNDA:1,(anonymous_6)
DA:5,1
DA:6,1
DA:7,1
DA:9,1
DA:10,1
DA:13,1
DA:14,1
DA:15,1
DA:16,1
DA:21,1
DA:22,1
DA:23,1
DA:24,1
DA:25,1
DA:26,1
DA:31,1
DA:32,1
DA:33,1
DA:34,1
DA:37,1
DA:38,1
DA:43,1
DA:44,1
DA:45,1
DA:46,1
DA:51,1
DA:52,1
DA:53,1
DA:54,1
LF:29
LH:29
BRF:0
BRH:0
end_of_record
TN:
SF:src\pages\privacyPolicy\privacyPolicyAndTermsofService.jsx
FN:5,(anonymous_0)
FNF:1
FNH:0
FNDA:0,(anonymous_0)
DA:5,0
DA:6,0
LF:2
LH:0
BRF:0
BRH:0
end_of_record
TN:
SF:src\pages\privacyPolicy\termsofService.jsx
FN:4,(anonymous_0)
FNF:1
FNH:1
FNDA:6,(anonymous_0)
DA:4,1
DA:5,6
LF:2
LH:2
BRF:0
BRH:0
end_of_record
TN:
SF:src\pages\privacyPolicy\termsofService.test.jsx
FN:5,(anonymous_0)
FN:6,(anonymous_1)
FN:12,(anonymous_2)
FN:23,(anonymous_3)
FN:41,(anonymous_4)
FN:53,(anonymous_5)
FN:64,(anonymous_6)
FNF:7
FNH:7
FNDA:1,(anonymous_0)
FNDA:1,(anonymous_1)
FNDA:1,(anonymous_2)
FNDA:1,(anonymous_3)
FNDA:1,(anonymous_4)
FNDA:1,(anonymous_5)
FNDA:1,(anonymous_6)
DA:5,1
DA:6,1
DA:7,1
DA:8,1
DA:9,1
DA:12,1
DA:13,1
DA:14,1
DA:15,1
DA:16,1
DA:23,1
DA:24,1
DA:25,1
DA:26,1
DA:27,1
DA:30,1
DA:33,1
DA:36,1
DA:41,1
DA:42,1
DA:43,1
DA:44,1
DA:45,1
DA:48,1
DA:49,1
DA:50,1
DA:53,1
DA:54,1
DA:55,1
DA:56,1
DA:57,1
DA:58,1
DA:59,1
DA:60,1
DA:61,1
DA:64,1
DA:65,1
DA:66,1
DA:67,1
DA:68,1
LF:40
LH:40
BRF:0
BRH:0
end_of_record
TN:
SF:src\pages\signup\signUp.jsx
FN:9,(anonymous_0)
FN:15,(anonymous_1)
FN:17,(anonymous_2)
FN:44,(anonymous_3)
FN:56,(anonymous_4)
FN:125,(anonymous_5)
FNF:6
FNH:3
FNDA:5,(anonymous_0)
FNDA:0,(anonymous_1)
FNDA:0,(anonymous_2)
FNDA:0,(anonymous_3)
FNDA:1,(anonymous_4)
FNDA:21,(anonymous_5)
DA:9,1
DA:10,5
DA:11,5
DA:12,5
DA:13,5
DA:15,5
DA:17,5
DA:18,0
DA:27,0
DA:28,0
DA:38,0
DA:39,0
DA:40,0
DA:41,0
DA:42,0
DA:43,0
DA:44,0
DA:45,0
DA:48,0
DA:51,0
DA:52,0
DA:56,5
DA:57,1
DA:59,1
DA:67,1
DA:68,1
DA:78,1
DA:79,1
DA:80,1
DA:81,1
DA:83,0
DA:86,0
DA:87,0
DA:89,1
DA:93,5
DA:105,5
DA:126,21
LF:37
LH:20
BRDA:39,0,0,0
BRDA:39,0,1,0
BRDA:79,1,0,1
BRDA:79,1,1,0
BRDA:182,2,0,21
BRDA:182,2,1,0
BRF:6
BRH:2
end_of_record
TN:
SF:src\pages\signup\signUp.test.jsx
FN:12,(anonymous_0)
FN:15,(anonymous_1)
FN:20,(anonymous_2)
FN:28,(anonymous_3)
FN:29,(anonymous_4)
FN:33,(anonymous_5)
FN:41,(anonymous_6)
FN:44,(anonymous_7)
FN:52,(anonymous_8)
FN:64,(anonymous_9)
FN:71,(anonymous_10)
FN:95,(anonymous_11)
FNF:12
FNH:11
FNDA:1,(anonymous_0)
FNDA:5,(anonymous_1)
FNDA:0,(anonymous_2)
FNDA:1,(anonymous_3)
FNDA:4,(anonymous_4)
FNDA:1,(anonymous_5)
FNDA:1,(anonymous_6)
FNDA:2,(anonymous_7)
FNDA:1,(anonymous_8)
FNDA:2,(anonymous_9)
FNDA:1,(anonymous_10)
FNDA:2,(anonymous_11)
DA:9,1
DA:12,1
DA:13,1
DA:16,5
DA:17,5
DA:20,0
DA:28,1
DA:29,1
DA:30,4
DA:33,1
DA:34,1
DA:35,1
DA:36,1
DA:37,1
DA:38,1
DA:41,1
DA:42,1
DA:43,1
DA:44,1
DA:45,2
DA:48,1
DA:52,1
DA:53,1
DA:54,1
DA:57,1
DA:60,1
DA:63,1
DA:64,1
DA:65,2
DA:71,1
DA:72,1
DA:82,1
DA:83,1
DA:86,1
DA:89,1
DA:92,1
DA:95,1
DA:96,2
DA:97,1
LF:39
LH:38
BRDA:17,0,0,1
BRDA:17,0,1,4
BRF:2
BRH:2
end_of_record
TN:
SF:src\pages\userdashboard\userDashboard.jsx
FN:19,(anonymous_0)
FN:29,(anonymous_1)
FN:30,(anonymous_2)
FN:69,(anonymous_3)
FN:76,(anonymous_4)
FN:85,(anonymous_5)
FN:138,(anonymous_6)
FN:144,(anonymous_7)
FNF:8
FNH:7
FNDA:12,(anonymous_0)
FNDA:5,(anonymous_1)
FNDA:5,(anonymous_2)
FNDA:5,(anonymous_3)
FNDA:0,(anonymous_4)
FNDA:11,(anonymous_5)
FNDA:55,(anonymous_6)
FNDA:1,(anonymous_7)
DA:19,1
DA:20,12
DA:21,11
DA:24,11
DA:25,11
DA:26,11
DA:27,11
DA:29,11
DA:30,5
DA:31,5
DA:32,3
DA:33,3
DA:36,2
DA:44,2
DA:45,2
DA:55,2
DA:56,0
DA:57,0
DA:59,0
DA:62,2
DA:63,2
DA:67,5
DA:69,11
DA:70,5
DA:71,0
DA:72,0
DA:76,11
DA:78,0
DA:79,0
DA:82,0
DA:85,11
DA:86,11
DA:88,10
DA:90,1
DA:92,0
DA:94,0
DA:96,0
DA:98,0
DA:102,11
DA:139,55
DA:144,1
LF:41
LH:29
BRDA:22,0,0,11
BRDA:22,0,1,11
BRDA:31,1,0,3
BRDA:31,1,1,2
BRDA:56,2,0,0
BRDA:56,2,1,0
BRDA:56,3,0,0
BRDA:56,3,1,0
BRDA:70,4,0,0
BRDA:70,4,1,5
BRDA:86,5,0,10
BRDA:86,5,1,1
BRDA:86,5,2,0
BRDA:86,5,3,0
BRDA:86,5,4,0
BRDA:86,5,5,0
BRDA:142,6,0,11
BRDA:142,6,1,44
BRF:18
BRH:9
end_of_record
TN:
SF:src\pages\userdashboard\userDashboard.test.jsx
FN:12,(anonymous_0)
FN:16,(anonymous_1)
FN:20,(anonymous_2)
FN:22,(anonymous_3)
FN:23,(anonymous_4)
FN:27,(anonymous_5)
FN:33,(anonymous_6)
FN:39,(anonymous_7)
FN:58,(anonymous_8)
FN:69,(anonymous_9)
FNF:10
FNH:9
FNDA:1,(anonymous_0)
FNDA:0,(anonymous_1)
FNDA:5,(anonymous_2)
FNDA:1,(anonymous_3)
FNDA:5,(anonymous_4)
FNDA:1,(anonymous_5)
FNDA:1,(anonymous_6)
FNDA:1,(anonymous_7)
FNDA:1,(anonymous_8)
FNDA:1,(anonymous_9)
DA:9,1
DA:12,1
DA:13,1
DA:14,1
DA:16,0
DA:20,5
DA:22,1
DA:23,1
DA:24,5
DA:27,1
DA:28,1
DA:29,1
DA:30,1
DA:33,1
DA:34,1
DA:35,1
DA:36,1
DA:39,1
DA:40,1
DA:42,1
DA:52,1
DA:54,1
DA:55,1
DA:58,1
DA:59,1
DA:61,1
DA:63,1
DA:65,1
DA:66,1
DA:69,1
DA:70,1
DA:72,1
DA:73,1
DA:75,1
LF:34
LH:33
BRF:0
BRH:0
end_of_record
TN:
SF:src\redux\store.js
FNF:0
FNH:0
DA:4,0
LF:1
LH:0
BRF:0
BRH:0
end_of_record
TN:
SF:src\redux\slices\createEventSlice.js
FN:28,(anonymous_0)
FN:31,(anonymous_1)
FN:34,(anonymous_2)
FN:40,(anonymous_3)
FN:43,(anonymous_4)
FNF:5
FNH:5
FNDA:2,(anonymous_0)
FNDA:2,(anonymous_1)
FNDA:1,(anonymous_2)
FNDA:2,(anonymous_3)
FNDA:4,(anonymous_4)
DA:3,3
DA:24,3
DA:29,2
DA:32,2
DA:36,1
DA:41,2
DA:43,2
DA:45,4
DA:46,4
DA:47,1
DA:51,3
DA:52,2
DA:53,0
DA:57,3
DA:58,1
DA:59,0
DA:63,3
DA:64,0
DA:65,0
DA:68,3
DA:71,2
DA:72,4
DA:73,1
DA:76,1
DA:82,3
LF:25
LH:21
BRDA:45,0,0,4
BRDA:45,0,1,0
BRDA:46,1,0,1
BRDA:46,1,1,3
BRDA:46,2,0,4
BRDA:46,2,1,4
BRDA:46,2,2,3
BRDA:51,3,0,2
BRDA:51,3,1,1
BRDA:52,4,0,0
BRDA:52,4,1,2
BRDA:52,5,0,2
BRDA:52,5,1,2
BRDA:57,6,0,1
BRDA:57,6,1,2
BRDA:58,7,0,0
BRDA:58,7,1,1
BRDA:58,8,0,1
BRDA:58,8,1,1
BRDA:58,8,2,1
BRDA:63,9,0,0
BRDA:63,9,1,3
BRDA:64,10,0,0
BRDA:64,10,1,0
BRDA:72,11,0,1
BRDA:72,11,1,3
BRF:26
BRH:20
end_of_record
TN:
SF:src\redux\slices\createEventSlice.test.jsx
FN:10,(anonymous_0)
FN:32,(anonymous_1)
FN:37,(anonymous_2)
FN:42,(anonymous_3)
FN:47,(anonymous_4)
FN:52,(anonymous_5)
FN:59,(anonymous_6)
FN:79,(anonymous_7)
FNF:8
FNH:8
FNDA:1,(anonymous_0)
FNDA:1,(anonymous_1)
FNDA:1,(anonymous_2)
FNDA:1,(anonymous_3)
FNDA:1,(anonymous_4)
FNDA:1,(anonymous_5)
FNDA:1,(anonymous_6)
FNDA:1,(anonymous_7)
DA:10,1
DA:11,1
DA:32,1
DA:33,1
DA:34,1
DA:37,1
DA:38,1
DA:39,1
DA:42,1
DA:43,1
DA:44,1
DA:47,1
DA:48,1
DA:49,1
DA:52,1
DA:53,1
DA:54,1
DA:55,1
DA:56,1
DA:59,1
DA:60,1
DA:75,1
DA:76,1
DA:79,1
DA:80,1
DA:89,1
DA:90,1
LF:27
LH:27
BRF:0
BRH:0
end_of_record
TN:
SF:src\services\apolloClient.js
FNF:0
FNH:0
DA:4,0
LF:1
LH:0
BRF:0
BRH:0
end_of_record
